<?xml version="1.0" encoding="UTF-8"?>
<testsuite xmlns:xsi="http://www.w3.org/2001/XMLSchema-instance" xsi:noNamespaceSchemaLocation="https://maven.apache.org/surefire/maven-surefire-plugin/xsd/surefire-test-report.xsd" name="com.cg.test.ExamTest" time="0.047" tests="4" errors="0" skipped="0" failures="0">
  <properties>
[...]
</properties>
  <testcase name="ExamTest1" classname="com.cg.test.ExamTest" time="0.021"/>
  <testcase name="ExamTest2" classname="com.cg.test.ExamTest" time="0.002"/>
  <testcase name="ExamTest3" classname="com.cg.test.ExamTest" time="0.001"/>
  <testcase name="ExamTest4" classname="com.cg.test.ExamTest" time="0.001"/>
</testsuite>